Array
(
    [0] => Array
        (
            [0] => order_number
            [1] => order_status
            [2] => company_id
            [3] => tracking_info
        )

    [1] => Array
        (
            [0] => ND269408
            [1] => wc-completed
            [2] => 1
            [3] => 359016451953
        )

    [2] => Array
        (
            [0] => ND269409
            [1] => wc-completed
            [2] => 1
            [3] => 359016451964
        )

    [3] => Array
        (
            [0] => ND269412
            [1] => wc-completed
            [2] => 1
            [3] => 359016451975
        )

    [4] => Array
        (
            [0] => ND269417
            [1] => wc-completed
            [2] => 1
            [3] => 359016451986
        )

    [5] => Array
        (
            [0] => ND269418
            [1] => wc-completed
            [2] => 1
            [3] => 359016451990
        )

    [6] => Array
        (
            [0] => ND269419
            [1] => wc-completed
            [2] => 1
            [3] => 359016452001
        )

    [7] => Array
        (
            [0] => ND269421
            [1] => wc-completed
            [2] => 1
            [3] => 359016452012
        )

    [8] => Array
        (
            [0] => ND269424
            [1] => wc-completed
            [2] => 1
            [3] => 359016452023
        )

    [9] => Array
        (
            [0] => ND269425
            [1] => wc-completed
            [2] => 1
            [3] => 359016452045
        )

    [10] => Array
        (
            [0] => ND269428
            [1] => wc-completed
            [2] => 1
            [3] => 359016452056
        )

    [11] => Array
        (
            [0] => ND269429
            [1] => wc-completed
            [2] => 1
            [3] => 359016452060
        )

    [12] => Array
        (
            [0] => ND269434
            [1] => wc-completed
            [2] => 1
            [3] => 359016452071
        )

    [13] => Array
        (
            [0] => ND269435
            [1] => wc-completed
            [2] => 1
            [3] => 359016452082
        )

    [14] => Array
        (
            [0] => ND269438
            [1] => wc-completed
            [2] => 1
            [3] => 359016452093
        )

    [15] => Array
        (
            [0] => ND269440
            [1] => wc-completed
            [2] => 1
            [3] => 359016452115
        )

    [16] => Array
        (
            [0] => ND269441
            [1] => wc-completed
            [2] => 1
            [3] => 359016452126
        )

    [17] => Array
        (
            [0] => ND269445
            [1] => wc-completed
            [2] => 1
            [3] => 359016452130
        )

    [18] => Array
        (
            [0] => ND269447
            [1] => wc-completed
            [2] => 1
            [3] => 359016452152
        )

    [19] => Array
        (
            [0] => ND269449
            [1] => wc-completed
            [2] => 1
            [3] => 359016452163
        )

    [20] => Array
        (
            [0] => ND269451
            [1] => wc-completed
            [2] => 1
            [3] => 359016452174
        )

    [21] => Array
        (
            [0] => ND269452
            [1] => wc-completed
            [2] => 1
            [3] => 359016452196
        )

    [22] => Array
        (
            [0] => ND269454
            [1] => wc-completed
            [2] => 1
            [3] => 359016452200
        )

    [23] => Array
        (
            [0] => ND269455
            [1] => wc-completed
            [2] => 1
            [3] => 359016452211
        )

    [24] => Array
        (
            [0] => ND269456
            [1] => wc-completed
            [2] => 1
            [3] => 359016452222
        )

    [25] => Array
        (
            [0] => ND269457
            [1] => wc-completed
            [2] => 1
            [3] => 359016452233
        )

    [26] => Array
        (
            [0] => ND269458
            [1] => wc-completed
            [2] => 1
            [3] => 359016452244
        )

    [27] => Array
        (
            [0] => ND269459
            [1] => wc-completed
            [2] => 1
            [3] => 359016452255
        )

    [28] => Array
        (
            [0] => ND269467
            [1] => wc-completed
            [2] => 1
            [3] => 359016452266
        )

    [29] => Array
        (
            [0] => ND269468
            [1] => wc-completed
            [2] => 1
            [3] => 359016452281
        )

    [30] => Array
        (
            [0] => ND269471
            [1] => wc-completed
            [2] => 1
            [3] => 359016452292
        )

    [31] => Array
        (
            [0] => ND269473
            [1] => wc-completed
            [2] => 1
            [3] => 359016452303
        )

    [32] => Array
        (
            [0] => ND269474
            [1] => wc-completed
            [2] => 1
            [3] => 359016452314
        )

    [33] => Array
        (
            [0] => ND269475
            [1] => wc-completed
            [2] => 1
            [3] => 359016452336
        )

    [34] => Array
        (
            [0] => ND269484
            [1] => wc-completed
            [2] => 1
            [3] => 359016452340
        )

    [35] => Array
        (
            [0] => ND269488
            [1] => wc-completed
            [2] => 1
            [3] => 359016452351
        )

    [36] => Array
        (
            [0] => ND269496
            [1] => wc-completed
            [2] => 1
            [3] => 359016452362
        )

    [37] => Array
        (
            [0] => ND269498
            [1] => wc-completed
            [2] => 1
            [3] => 359016452373
        )

    [38] => Array
        (
            [0] => ND269500
            [1] => wc-completed
            [2] => 1
            [3] => 359016452384
        )

    [39] => Array
        (
            [0] => ND269503
            [1] => wc-completed
            [2] => 1
            [3] => 359016452395
        )

    [40] => Array
        (
            [0] => ND269505
            [1] => wc-completed
            [2] => 1
            [3] => 359016452406
        )

    [41] => Array
        (
            [0] => ND269507
            [1] => wc-completed
            [2] => 1
            [3] => 359016452410
        )

    [42] => Array
        (
            [0] => ND269513
            [1] => wc-completed
            [2] => 1
            [3] => 359016452421
        )

    [43] => Array
        (
            [0] => ND269516
            [1] => wc-completed
            [2] => 1
            [3] => 359016452443
        )

    [44] => Array
        (
            [0] => ND269524
            [1] => wc-completed
            [2] => 1
            [3] => 359016452454
        )

    [45] => Array
        (
            [0] => ND269540
            [1] => wc-completed
            [2] => 1
            [3] => 359016452476
        )

    [46] => Array
        (
            [0] => ND269542
            [1] => wc-completed
            [2] => 1
            [3] => 359016452480
        )

    [47] => Array
        (
            [0] => ND269545
            [1] => wc-completed
            [2] => 1
            [3] => 359016452491
        )

    [48] => Array
        (
            [0] => ND269547
            [1] => wc-completed
            [2] => 1
            [3] => 359016452502
        )

    [49] => Array
        (
            [0] => ND269549
            [1] => wc-completed
            [2] => 1
            [3] => 359016452513
        )

    [50] => Array
        (
            [0] => ND269552
            [1] => wc-completed
            [2] => 1
            [3] => 359016452524
        )

    [51] => Array
        (
            [0] => ND269554
            [1] => wc-completed
            [2] => 1
            [3] => 359016452546
        )

    [52] => Array
        (
            [0] => ND269577
            [1] => wc-completed
            [2] => 1
            [3] => 359016452550
        )

    [53] => Array
        (
            [0] => ND269581
            [1] => wc-completed
            [2] => 1
            [3] => 359016452572
        )

    [54] => Array
        (
            [0] => ND269639
            [1] => wc-completed
            [2] => 1
            [3] => 359016452594
        )

    [55] => Array
        (
            [0] => ND269659
            [1] => wc-completed
            [2] => 1
            [3] => 359016452605
        )

    [56] => Array
        (
            [0] => ND269664
            [1] => wc-completed
            [2] => 1
            [3] => 359016452616
        )

    [57] => Array
        (
            [0] => ND269665
            [1] => wc-completed
            [2] => 1
            [3] => 359016452620
        )

    [58] => Array
        (
            [0] => ND269674
            [1] => wc-completed
            [2] => 1
            [3] => 359016452631
        )

    [59] => Array
        (
            [0] => ND269675
            [1] => wc-completed
            [2] => 1
            [3] => 359016452642
        )

    [60] => Array
        (
            [0] => ND269679
            [1] => wc-completed
            [2] => 1
            [3] => 359016452653
        )

    [61] => Array
        (
            [0] => ND269680
            [1] => wc-completed
            [2] => 1
            [3] => 359016452664
        )

    [62] => Array
        (
            [0] => ND269683
            [1] => wc-completed
            [2] => 1
            [3] => 359016452675
        )

    [63] => Array
        (
            [0] => ND269684
            [1] => wc-completed
            [2] => 1
            [3] => 359016452686
        )

    [64] => Array
        (
            [0] => ND269688
            [1] => wc-completed
            [2] => 1
            [3] => 359016452734
        )

    [65] => Array
        (
            [0] => ND269689
            [1] => wc-completed
            [2] => 1
            [3] => 359016452745
        )

    [66] => Array
        (
            [0] => ND269691
            [1] => wc-completed
            [2] => 1
            [3] => 359016452756
        )

    [67] => Array
        (
            [0] => ND269694
            [1] => wc-completed
            [2] => 1
            [3] => 359016452771
        )

    [68] => Array
        (
            [0] => ND269698
            [1] => wc-completed
            [2] => 1
            [3] => 359016452782
        )

    [69] => Array
        (
            [0] => ND269699
            [1] => wc-completed
            [2] => 1
            [3] => 359016452793
        )

    [70] => Array
        (
            [0] => ND269700
            [1] => wc-completed
            [2] => 1
            [3] => 359016452804
        )

    [71] => Array
        (
            [0] => ND269703
            [1] => wc-completed
            [2] => 1
            [3] => 359016452815
        )

    [72] => Array
        (
            [0] => ND269705
            [1] => wc-completed
            [2] => 1
            [3] => 359016452826
        )

    [73] => Array
        (
            [0] => ND269708
            [1] => wc-completed
            [2] => 1
            [3] => 359016452841
        )

    [74] => Array
        (
            [0] => ND269710
            [1] => wc-completed
            [2] => 1
            [3] => 359016452852
        )

    [75] => Array
        (
            [0] => ND269431
            [1] => wc-completed
            [2] => 1
            [3] => EV938463308CN
        )

    [76] => Array
        (
            [0] => ND269527
            [1] => wc-completed
            [2] => 1
            [3] => 05168987160464
        )

    [77] => Array
        (
            [0] => ND269618
            [1] => wc-completed
            [2] => 1
            [3] => CP090692497IE
        )

    [78] => Array
        (
            [0] => ND269650
            [1] => wc-completed
            [2] => 1
            [3] => YT2028921266038368
        )

    [79] => Array
        (
            [0] => ND269266
            [1] => wc-completed
            [2] => 1
            [3] => YT2028921266038383
        )

    [80] => Array
        (
            [0] => ND269312
            [1] => wc-completed
            [2] => 1
            [3] => YT2028921266038396
        )

    [81] => Array
        (
            [0] => ND269567
            [1] => wc-completed
            [2] => 1
            [3] => YT2028921266038411
        )

    [82] => Array
        (
            [0] => ND269287
            [1] => wc-completed
            [2] => 1
            [3] => YT2028921266038428
        )

    [83] => Array
        (
            [0] => ND269343
            [1] => wc-completed
            [2] => 1
            [3] => YT2028921266038439
        )

    [84] => Array
        (
            [0] => ND269426
            [1] => wc-completed
            [2] => 1
            [3] => YT2028921266038447
        )

    [85] => Array
        (
            [0] => ND269295
            [1] => wc-completed
            [2] => 1
            [3] => YT2028921266038458
        )

    [86] => Array
        (
            [0] => ND269432
            [1] => wc-completed
            [2] => 1
            [3] => YT2028921266038469
        )

    [87] => Array
        (
            [0] => ND269370
            [1] => wc-completed
            [2] => 1
            [3] => YT2028921266038473
        )

    [88] => Array
        (
            [0] => ND269510
            [1] => wc-completed
            [2] => 1
            [3] => YT2028921266038487
        )

    [89] => Array
        (
            [0] => ND269627
            [1] => wc-completed
            [2] => 1
            [3] => YT2028921266038504
        )

    [90] => Array
        (
            [0] => ND269641
            [1] => wc-completed
            [2] => 1
            [3] => YT2028921266038524
        )

    [91] => Array
        (
            [0] => ND269612
            [1] => wc-completed
            [2] => 1
            [3] => YT2028921266038536
        )

    [92] => Array
        (
            [0] => ND269530
            [1] => wc-completed
            [2] => 1
            [3] => YT2028921266038552
        )

    [93] => Array
        (
            [0] => ND269588
            [1] => wc-completed
            [2] => 1
            [3] => YT2028921266038571
        )

    [94] => Array
        (
            [0] => ND269358
            [1] => wc-completed
            [2] => 1
            [3] => YT2028921266038591
        )

    [95] => Array
        (
            [0] => ND269228
            [1] => wc-completed
            [2] => 1
            [3] => YT2028921266038605
        )

    [96] => Array
        (
            [0] => ND269199
            [1] => wc-completed
            [2] => 1
            [3] => YT2028921266038617
        )

    [97] => Array
        (
            [0] => ND269267
            [1] => wc-completed
            [2] => 1
            [3] => YT2028921266038624
        )

    [98] => Array
        (
            [0] => ND269495
            [1] => wc-completed
            [2] => 1
            [3] => YT2028921266038634
        )

)
